<?xml version="1.0" encoding="UTF-8"?>
<!-- Generated by org.testng.reporters.JUnitXMLReporter -->
<testsuite ignored="0" hostname="Sunshine_Vivu" failures="1" tests="9" name="Test" time="0.083" errors="0" timestamp="2023-12-30T12:43:00 EST">
  <testcase classname="selenium.Testing1" name="f" time="0.004"/>
  <testcase classname="selenium.Testing1" name="f" time="0.001"/>
  <testcase classname="selenium.Testing1" name="test1" time="0.001"/>
  <testcase classname="selenium.Testing1" name="test2" time="0.002"/>
  <testcase classname="selenium.Testing2" name="test3" time="0.0"/>
  <testcase classname="selenium.Testing2" name="test4" time="0.001"/>
  <testcase classname="selenium.Testing3" name="createUser" time="0.001"/>
  <testcase classname="selenium.Testing3" name="editUser" time="0.002"/>
  <testcase classname="selenium.Testing3" name="deleteUser" time="0.003">
    <failure type="java.lang.AssertionError" message="The following asserts failed:
	Verifying Element expected [true] but found [false],
	expected [abc1] but found [abc]">
      <![CDATA[java.lang.AssertionError: The following asserts failed:
Verifying Element expected [true] but found [false],
expected [abc1] but found [abc]
at selenium.Testing3.deleteUser(Testing3.java:37)
at java.base/java.util.ArrayList.forEach(ArrayList.java:1511)
... Removed 29 stack frames]]>
    </failure>
  </testcase> <!-- deleteUser -->
</testsuite> <!-- Test -->
